<test-run id="2" testcasecount="0" result="Passed" start-time="2024-11-20 16:53:52.768517" end-time="2024-11-20 16:53:53.423411" duration="0" total="0" passed="0" failed="0" inconclusive="0" skipped="0" asserts="0" clr-version="3.11.9 (main, Apr 24 2024, 14:51:41) [GCC 11.4.0]" engine-version="3.6.2"><command-line>/home/martin/.cache/pypoetry/virtualenvs/powerbi-vK2rLX0_-py3.11/lib/python3.11/site-packages/pytest/__main__.py -p vscode_pytest --collect-only tests</command-line><filter><test re="0">tests</test></filter><test-suite id="tests/test_pbi_api.py" name="tests/test_pbi_api.py" fullname="tests/test_pbi_api.py" methodname="" classname="" runstate="Runnable" type="Assembly" testcasecount="0" result="Passed" label="" start-time="1-01-01 00:00:00.000000" end-time="1-01-01 00:00:00.000000" duration="0.0" asserts="0" total="0" passed="0" failed="0" warnings="0" inconclusive="0" skipped="0"><properties><property name="python_version" value="3.11.9 (main, Apr 24 2024, 14:51:41) [GCC 11.4.0]" /></properties><environment framework-version="3.6.2" clr-version="3.11.9 (main, Apr 24 2024, 14:51:41) [GCC 11.4.0]" os-version="5.15.167.4-microsoft-standard-WSL2" platform="Linux" cwd="/home/martin/repos/windermere_powerbi" machine-name="x86_64" user="" user-domain="" culture="en_US" uiculture="en_US" os-architecture="64bit" /></test-suite></test-run>