<test-run id="2" testcasecount="1" result="Passed" start-time="2024-11-04 19:51:51.574058" end-time="2024-11-04 19:51:51.780260" duration="0" total="1" passed="1" failed="0" inconclusive="0" skipped="0" asserts="0" clr-version="3.11.9 (main, Apr 24 2024, 14:51:41) [GCC 11.4.0]" engine-version="3.6.2"><command-line>/home/martin/.cache/pypoetry/virtualenvs/powerbi-vK2rLX0_-py3.11/bin/pytest</command-line><filter /><test-suite id="tests/test_pbi_api.py" name="tests/test_pbi_api.py" fullname="tests/test_pbi_api.py" methodname="" classname="" runstate="Runnable" type="Assembly" testcasecount="1" result="Passed" label="" start-time="2024-11-04 19:51:51.779571" end-time="2024-11-04 19:51:51.779939" duration="0.000368" asserts="0" total="1" passed="1" failed="0" warnings="0" inconclusive="0" skipped="0"><properties><property name="python_version" value="3.11.9 (main, Apr 24 2024, 14:51:41) [GCC 11.4.0]" /></properties><test-case id="100" name="tests/test_pbi_api.py::test_pad_integer" fullname="tests/test_pbi_api.py::test_pad_integer" methodname="test_pad_integer" classname="tests/test_pbi_api.py" runstate="Runnable" seed="1" result="Passed" label="" start-time="2024-11-04 19:51:51.779571" end-time="2024-11-04 19:51:51.779939" duration="0.000368" asserts="0"><properties><property name="python-version" value="3.11.9 (main, Apr 24 2024, 14:51:41) [GCC 11.4.0]" /><property name="fspath" value="tests/test_pbi_api.py" /></properties><environment framework-version="3.6.2" clr-version="3.11.9 (main, Apr 24 2024, 14:51:41) [GCC 11.4.0]" os-version="5.15.153.1-microsoft-standard-WSL2" platform="Linux" cwd="/home/martin/repos/windermere_powerbi" machine-name="x86_64" user="" user-domain="" culture="en_US" uiculture="en_US" os-architecture="64bit" /><failure><message><![CDATA[]]></message><stack-trace><![CDATA[None]]></stack-trace></failure><reason><message><![CDATA[]]></message></reason><output><![CDATA[]]></output></test-case><environment framework-version="3.6.2" clr-version="3.11.9 (main, Apr 24 2024, 14:51:41) [GCC 11.4.0]" os-version="5.15.153.1-microsoft-standard-WSL2" platform="Linux" cwd="/home/martin/repos/windermere_powerbi" machine-name="x86_64" user="" user-domain="" culture="en_US" uiculture="en_US" os-architecture="64bit" /></test-suite></test-run>